  pch.cpp
  AssemblyInfo.cpp
  Trabajo final beta V0.5.cpp
C:\Users\MRBLU\Documents\materiales ciclo 1\programación 1\Trabajo final\Trabajo final beta V0.5\Trabajo final beta V0.5.cpp(132,30): warning C4996: 'getch': The POSIX name for this item is deprecated. Instead, use the ISO C and C++ conformant name: _getch. See online help for details.
C:\Users\MRBLU\Documents\materiales ciclo 1\programación 1\Trabajo final\Trabajo final beta V0.5\Trabajo final beta V0.5.cpp(135,64): warning C4996: '_sleep': This function or variable has been superceded by newer library or operating system functionality. Consider using Sleep instead. See online help for details.
C:\Users\MRBLU\Documents\materiales ciclo 1\programación 1\Trabajo final\Trabajo final beta V0.5\Trabajo final beta V0.5.cpp(147,30): warning C4996: 'getch': The POSIX name for this item is deprecated. Instead, use the ISO C and C++ conformant name: _getch. See online help for details.
C:\Users\MRBLU\Documents\materiales ciclo 1\programación 1\Trabajo final\Trabajo final beta V0.5\Trabajo final beta V0.5.cpp(150,64): warning C4996: '_sleep': This function or variable has been superceded by newer library or operating system functionality. Consider using Sleep instead. See online help for details.
C:\Users\MRBLU\Documents\materiales ciclo 1\programación 1\Trabajo final\Trabajo final beta V0.5\Trabajo final beta V0.5.cpp(173,34): warning C4996: 'getch': The POSIX name for this item is deprecated. Instead, use the ISO C and C++ conformant name: _getch. See online help for details.
C:\Users\MRBLU\Documents\materiales ciclo 1\programación 1\Trabajo final\Trabajo final beta V0.5\Trabajo final beta V0.5.cpp(217,26): warning C4996: 'getch': The POSIX name for this item is deprecated. Instead, use the ISO C and C++ conformant name: _getch. See online help for details.
C:\Users\MRBLU\Documents\materiales ciclo 1\programación 1\Trabajo final\Trabajo final beta V0.5\Trabajo final beta V0.5.cpp(231,90): warning C4996: '_sleep': This function or variable has been superceded by newer library or operating system functionality. Consider using Sleep instead. See online help for details.
C:\Users\MRBLU\Documents\materiales ciclo 1\programación 1\Trabajo final\Trabajo final beta V0.5\Trabajo final beta V0.5.cpp(232,102): warning C4996: '_sleep': This function or variable has been superceded by newer library or operating system functionality. Consider using Sleep instead. See online help for details.
C:\Users\MRBLU\Documents\materiales ciclo 1\programación 1\Trabajo final\Trabajo final beta V0.5\Trabajo final beta V0.5.cpp(233,88): warning C4996: '_sleep': This function or variable has been superceded by newer library or operating system functionality. Consider using Sleep instead. See online help for details.
C:\Users\MRBLU\Documents\materiales ciclo 1\programación 1\Trabajo final\Trabajo final beta V0.5\Trabajo final beta V0.5.cpp(239,26): warning C4996: 'getch': The POSIX name for this item is deprecated. Instead, use the ISO C and C++ conformant name: _getch. See online help for details.
C:\Users\MRBLU\Documents\materiales ciclo 1\programación 1\Trabajo final\Trabajo final beta V0.5\Trabajo final beta V0.5.cpp(318,42): warning C4244: 'argumento': conversión de 'double' a 'int'; posible pérdida de datos
C:\Users\MRBLU\Documents\materiales ciclo 1\programación 1\Trabajo final\Trabajo final beta V0.5\Trabajo final beta V0.5.cpp(535,67): warning C4996: '_sleep': This function or variable has been superceded by newer library or operating system functionality. Consider using Sleep instead. See online help for details.
C:\Users\MRBLU\Documents\materiales ciclo 1\programación 1\Trabajo final\Trabajo final beta V0.5\Trabajo final beta V0.5.cpp(548,68): warning C4996: '_sleep': This function or variable has been superceded by newer library or operating system functionality. Consider using Sleep instead. See online help for details.
C:\Users\MRBLU\Documents\materiales ciclo 1\programación 1\Trabajo final\Trabajo final beta V0.5\Trabajo final beta V0.5.cpp(785,21): warning C4996: '_sleep': This function or variable has been superceded by newer library or operating system functionality. Consider using Sleep instead. See online help for details.
C:\Users\MRBLU\Documents\materiales ciclo 1\programación 1\Trabajo final\Trabajo final beta V0.5\Trabajo final beta V0.5.cpp(914,21): warning C4996: '_sleep': This function or variable has been superceded by newer library or operating system functionality. Consider using Sleep instead. See online help for details.
C:\Users\MRBLU\Documents\materiales ciclo 1\programación 1\Trabajo final\Trabajo final beta V0.5\Trabajo final beta V0.5.cpp(1043,21): warning C4996: '_sleep': This function or variable has been superceded by newer library or operating system functionality. Consider using Sleep instead. See online help for details.
C:\Users\MRBLU\Documents\materiales ciclo 1\programación 1\Trabajo final\Trabajo final beta V0.5\Trabajo final beta V0.5.cpp(2294,21): warning C4996: '_sleep': This function or variable has been superceded by newer library or operating system functionality. Consider using Sleep instead. See online help for details.
C:\Users\MRBLU\Documents\materiales ciclo 1\programación 1\Trabajo final\Trabajo final beta V0.5\Trabajo final beta V0.5.cpp(2409,21): warning C4996: '_sleep': This function or variable has been superceded by newer library or operating system functionality. Consider using Sleep instead. See online help for details.
C:\Users\MRBLU\Documents\materiales ciclo 1\programación 1\Trabajo final\Trabajo final beta V0.5\Trabajo final beta V0.5.cpp(2524,21): warning C4996: '_sleep': This function or variable has been superceded by newer library or operating system functionality. Consider using Sleep instead. See online help for details.
C:\Users\MRBLU\Documents\materiales ciclo 1\programación 1\Trabajo final\Trabajo final beta V0.5\Trabajo final beta V0.5.cpp(3591,9): warning C4996: '_sleep': This function or variable has been superceded by newer library or operating system functionality. Consider using Sleep instead. See online help for details.
C:\Users\MRBLU\Documents\materiales ciclo 1\programación 1\Trabajo final\Trabajo final beta V0.5\Trabajo final beta V0.5.cpp(3891,5): warning C4996: '_sleep': This function or variable has been superceded by newer library or operating system functionality. Consider using Sleep instead. See online help for details.
C:\Users\MRBLU\Documents\materiales ciclo 1\programación 1\Trabajo final\Trabajo final beta V0.5\Trabajo final beta V0.5.cpp(3896,27): warning C4996: '_sleep': This function or variable has been superceded by newer library or operating system functionality. Consider using Sleep instead. See online help for details.
C:\Users\MRBLU\Documents\materiales ciclo 1\programación 1\Trabajo final\Trabajo final beta V0.5\Trabajo final beta V0.5.cpp(3898,26): warning C4996: '_sleep': This function or variable has been superceded by newer library or operating system functionality. Consider using Sleep instead. See online help for details.
C:\Users\MRBLU\Documents\materiales ciclo 1\programación 1\Trabajo final\Trabajo final beta V0.5\Trabajo final beta V0.5.cpp(3903,20): warning C4996: '_sleep': This function or variable has been superceded by newer library or operating system functionality. Consider using Sleep instead. See online help for details.
C:\Users\MRBLU\Documents\materiales ciclo 1\programación 1\Trabajo final\Trabajo final beta V0.5\Trabajo final beta V0.5.cpp(3905,21): warning C4996: '_sleep': This function or variable has been superceded by newer library or operating system functionality. Consider using Sleep instead. See online help for details.
C:\Users\MRBLU\Documents\materiales ciclo 1\programación 1\Trabajo final\Trabajo final beta V0.5\Trabajo final beta V0.5.cpp(3913,20): warning C4996: '_sleep': This function or variable has been superceded by newer library or operating system functionality. Consider using Sleep instead. See online help for details.
C:\Users\MRBLU\Documents\materiales ciclo 1\programación 1\Trabajo final\Trabajo final beta V0.5\Trabajo final beta V0.5.cpp(3917,24): warning C4996: '_sleep': This function or variable has been superceded by newer library or operating system functionality. Consider using Sleep instead. See online help for details.
C:\Users\MRBLU\Documents\materiales ciclo 1\programación 1\Trabajo final\Trabajo final beta V0.5\Trabajo final beta V0.5.cpp(3930,30): warning C4996: 'getch': The POSIX name for this item is deprecated. Instead, use the ISO C and C++ conformant name: _getch. See online help for details.
C:\Users\MRBLU\Documents\materiales ciclo 1\programación 1\Trabajo final\Trabajo final beta V0.5\Trabajo final beta V0.5.cpp(3988,9): warning C4996: '_sleep': This function or variable has been superceded by newer library or operating system functionality. Consider using Sleep instead. See online help for details.
C:\Users\MRBLU\Documents\materiales ciclo 1\programación 1\Trabajo final\Trabajo final beta V0.5\Trabajo final beta V0.5.cpp(4004,30): warning C4996: 'getch': The POSIX name for this item is deprecated. Instead, use the ISO C and C++ conformant name: _getch. See online help for details.
C:\Users\MRBLU\Documents\materiales ciclo 1\programación 1\Trabajo final\Trabajo final beta V0.5\Trabajo final beta V0.5.cpp(4022,21): warning C4996: 'getch': The POSIX name for this item is deprecated. Instead, use the ISO C and C++ conformant name: _getch. See online help for details.
C:\Users\MRBLU\Documents\materiales ciclo 1\programación 1\Trabajo final\Trabajo final beta V0.5\Trabajo final beta V0.5.cpp(3952,19): warning C4101: 'fichaP2': variable local sin referencia
C:\Users\MRBLU\Documents\materiales ciclo 1\programación 1\Trabajo final\Trabajo final beta V0.5\Trabajo final beta V0.5.cpp(3952,10): warning C4101: 'fichaP1': variable local sin referencia
  Generando código...
  .NETFramework,Version=v4.6.1.AssemblyAttributes.cpp
  AssemblyInfo.obj : se encontró un módulo MSIL; vinculación incremental deshabilitada para MSIL; ejecutando vínculo completo
  Trabajo final beta V0.5.vcxproj -> C:\Users\MRBLU\Documents\materiales ciclo 1\programación 1\Trabajo final\Trabajo final beta V0.5\Debug\Trabajo final beta V0.5.exe
